Using pre-set license
Built from '2020.3/staging' branch; Version is '2020.3.21f1 (a38c86f6690f) revision 10718342'; Using compiler version '192528614'; Build Type 'Release'
OS: 'Windows 10 Home; OS build 19043.1288; Version 2009; 64bit' Language: 'en' Physical Memory: 16228 MB
BatchMode: 1, IsHumanControllingUs: 0, StartBugReporterOnCrash: 0, Is64bit: 1, IsPro: 0

COMMAND LINE ARGUMENTS:
C:\Program Files\Unity\Hub\Editor\2020.3.21f1\Editor\Unity.exe
-adb2
-batchMode
-noUpm
-name
AssetImportWorker0
-projectPath
C:/Users/Mostafa/Documents/Unity Projects/Balance-Remastered
-logFile
Logs/AssetImportWorker0.log
-srvPort
52494
Successfully changed project path to: C:/Users/Mostafa/Documents/Unity Projects/Balance-Remastered
C:/Users/Mostafa/Documents/Unity Projects/Balance-Remastered
Using Asset Import Pipeline V2.
Refreshing native plugins compatible for Editor in 86.23 ms, found 2 plugins.
Preloading 0 native plugins for Editor in 0.00 ms.
Initialize engine version: 2020.3.21f1 (a38c86f6690f)
[Subsystems] Discovering subsystems at path C:/Program Files/Unity/Hub/Editor/2020.3.21f1/Editor/Data/Resources/UnitySubsystems
[Subsystems] Discovering subsystems at path C:/Users/Mostafa/Documents/Unity Projects/Balance-Remastered/Assets
GfxDevice: creating device client; threaded=0
Direct3D:
    Version:  Direct3D 11.0 [level 11.1]
    Renderer: NVIDIA GeForce RTX 2060 (ID=0x1f15)
    Vendor:   
    VRAM:     5980 MB
    Driver:   30.0.14.9649
Initialize mono
Mono path[0] = 'C:/Program Files/Unity/Hub/Editor/2020.3.21f1/Editor/Data/Managed'
Mono path[1] = 'C:/Program Files/Unity/Hub/Editor/2020.3.21f1/Editor/Data/MonoBleedingEdge/lib/mono/unityjit'
Mono config path = 'C:/Program Files/Unity/Hub/Editor/2020.3.21f1/Editor/Data/MonoBleedingEdge/etc'
Using monoOptions --debugger-agent=transport=dt_socket,embedding=1,server=y,suspend=n,address=127.0.0.1:56620
Begin MonoManager ReloadAssembly
Registering precompiled unity dll's ...
Register platform support module: C:/Program Files/Unity/Hub/Editor/2020.3.21f1/Editor/Data/PlaybackEngines/WindowsStandaloneSupport/UnityEditor.WindowsStandalone.Extensions.dll
Registered in 0.002865 seconds.
Native extension for WindowsStandalone target not found
Refreshing native plugins compatible for Editor in 79.49 ms, found 2 plugins.
Preloading 0 native plugins for Editor in 0.00 ms.
Mono: successfully reloaded assembly
- Completed reload, in  1.889 seconds
Domain Reload Profiling:
	ReloadAssembly (1889ms)
		BeginReloadAssembly (84ms)
			ExecutionOrderSort (0ms)
			DisableScriptedObjects (0ms)
			BackupInstance (0ms)
			ReleaseScriptingObjects (0ms)
			CreateAndSetChildDomain (1ms)
		EndReloadAssembly (726ms)
			LoadAssemblies (80ms)
			RebuildTransferFunctionScriptingTraits (0ms)
			SetupTypeCache (225ms)
			ReleaseScriptCaches (0ms)
			RebuildScriptCaches (54ms)
			SetupLoadedEditorAssemblies (293ms)
				LogAssemblyErrors (0ms)
				InitializePlatformSupportModulesInManaged (6ms)
				SetLoadedEditorAssemblies (0ms)
				RefreshPlugins (80ms)
				BeforeProcessingInitializeOnLoad (27ms)
				ProcessInitializeOnLoadAttributes (136ms)
				ProcessInitializeOnLoadMethodAttributes (44ms)
				AfterProcessingInitializeOnLoad (0ms)
				EditorAssembliesLoaded (0ms)
			ExecutionOrderSort2 (0ms)
			AwakeInstancesAfterBackupRestoration (0ms)
Platform modules already initialized, skipping
Registering precompiled user dll's ...
Registered in 0.009159 seconds.
Begin MonoManager ReloadAssembly
Native extension for WindowsStandalone target not found
Refreshing native plugins compatible for Editor in 1.00 ms, found 2 plugins.
Preloading 0 native plugins for Editor in 0.00 ms.
Mono: successfully reloaded assembly
- Completed reload, in  1.888 seconds
Domain Reload Profiling:
	ReloadAssembly (1889ms)
		BeginReloadAssembly (232ms)
			ExecutionOrderSort (0ms)
			DisableScriptedObjects (9ms)
			BackupInstance (0ms)
			ReleaseScriptingObjects (0ms)
			CreateAndSetChildDomain (28ms)
		EndReloadAssembly (1556ms)
			LoadAssemblies (148ms)
			RebuildTransferFunctionScriptingTraits (0ms)
			SetupTypeCache (468ms)
			ReleaseScriptCaches (1ms)
			RebuildScriptCaches (90ms)
			SetupLoadedEditorAssemblies (687ms)
				LogAssemblyErrors (0ms)
				InitializePlatformSupportModulesInManaged (8ms)
				SetLoadedEditorAssemblies (1ms)
				RefreshPlugins (1ms)
				BeforeProcessingInitializeOnLoad (178ms)
				ProcessInitializeOnLoadAttributes (416ms)
				ProcessInitializeOnLoadMethodAttributes (74ms)
				AfterProcessingInitializeOnLoad (10ms)
				EditorAssembliesLoaded (0ms)
			ExecutionOrderSort2 (0ms)
			AwakeInstancesAfterBackupRestoration (11ms)
Platform modules already initialized, skipping
========================================================================
Worker process is ready to serve import requests
Launched and connected shader compiler UnityShaderCompiler.exe after 0.10 seconds
Refreshing native plugins compatible for Editor in 1.05 ms, found 2 plugins.
Preloading 0 native plugins for Editor in 0.00 ms.
Unloading 2123 Unused Serialized files (Serialized files now loaded: 0)
System memory in use before: 84.6 MB.
System memory in use after: 84.7 MB.

Unloading 59 unused Assets to reduce memory usage. Loaded Objects now: 2528.
Total: 10.432200 ms (FindLiveObjects: 0.279000 ms CreateObjectMapping: 0.139100 ms MarkObjects: 9.901800 ms  DeleteObjects: 0.108300 ms)

AssetImportParameters requested are different than current active one (requested -> active):
  custom:framework-win-MediaFoundation: 216162199b28c13a410421893ffa2e32 -> 
  custom:video-decoder-ogg-theora: a1e56fd34408186e4bbccfd4996cb3dc -> 
  custom:container-muxer-webm: aa71ff27fc2769a1b78a27578f13a17b -> 
  custom:container-demuxer-webm: 4f35f7cbe854078d1ac9338744f61a02 -> 
  custom:container-demuxer-ogg: 62fdf1f143b41e24485cea50d1cbac27 -> 
  custom:video-encoder-webm-vp8: eb34c28f22e8b96e1ab97ce403110664 -> 
  custom:video-decoder-webm-vp8: 9c59270c3fd7afecdb556c50c9e8de78 -> 
  custom:audio-decoder-ogg-vorbis: bf7c407c2cedff20999df2af8eb42d56 -> 
  custom:audio-encoder-webm-vorbis: bf7c407c2cedff20999df2af8eb42d56 -> 
========================================================================
Received Import Request.
  path: Assets/Scenes
  artifactKey: Guid(2bb6f74be8d50734ea470e3bca82cadc) Importer(815301076,1909f56bfc062723c751e8b465ee728b)
Start importing Assets/Scenes using Guid(2bb6f74be8d50734ea470e3bca82cadc) Importer(815301076,1909f56bfc062723c751e8b465ee728b)  -> (artifact id: 'babc12cef3ac0e8b8b5f867487e426fb') in 0.013285 seconds 
  Import took 0.018375 seconds .

========================================================================
Received Import Request.
  Time since last request: 0.000428 seconds.
  path: Assets/Scenes/SampleScene.unity
  artifactKey: Guid(9fc0d4010bbf28b4594072e72b8655ab) Importer(815301076,1909f56bfc062723c751e8b465ee728b)
Start importing Assets/Scenes/SampleScene.unity using Guid(9fc0d4010bbf28b4594072e72b8655ab) Importer(815301076,1909f56bfc062723c751e8b465ee728b)  -> (artifact id: '55e2cc45a26aa2ef3cd682d5fe0741b8') in 0.022510 seconds 
  Import took 0.027275 seconds .

========================================================================
Received Import Request.
  Time since last request: 4.825705 seconds.
  path: Assets/Materials/erika_archer.fbx
  artifactKey: Guid(08ce72b59a051bb4589b62e97b7ef827) Importer(815301076,1909f56bfc062723c751e8b465ee728b)
Start importing Assets/Materials/erika_archer.fbx using Guid(08ce72b59a051bb4589b62e97b7ef827) Importer(815301076,1909f56bfc062723c751e8b465ee728b)  -> (artifact id: 'b91c7058ba641f0055b85e99d6c3378f') in 0.990015 seconds 
  Import took 0.995578 seconds .

========================================================================
Received Import Request.
  Time since last request: 0.000315 seconds.
  path: Assets/Materials/Plane 1.mat
  artifactKey: Guid(0ee8a7737f9cb2941a575f2380573e0b) Importer(815301076,1909f56bfc062723c751e8b465ee728b)
Start importing Assets/Materials/Plane 1.mat using Guid(0ee8a7737f9cb2941a575f2380573e0b) Importer(815301076,1909f56bfc062723c751e8b465ee728b)  -> (artifact id: '16691c5fa21b91ad9ad1b534338c5abe') in 0.028218 seconds 
  Import took 0.032579 seconds .

========================================================================
Received Import Request.
  Time since last request: 0.000316 seconds.
  path: Assets/Materials/WoodFineDark004_COL_1K.mat
  artifactKey: Guid(557100fa26154ff49bfd1641b2c369ee) Importer(815301076,1909f56bfc062723c751e8b465ee728b)
Start importing Assets/Materials/WoodFineDark004_COL_1K.mat using Guid(557100fa26154ff49bfd1641b2c369ee) Importer(815301076,1909f56bfc062723c751e8b465ee728b)  -> (artifact id: '139c530813d473ab0a6354235f58e4a9') in 0.019462 seconds 
  Import took 0.024323 seconds .

========================================================================
Received Import Request.
  Time since last request: 0.000353 seconds.
  path: Assets/Materials/New Material.mat
  artifactKey: Guid(bd0c1bea25e548e4c920a7b1e5efca50) Importer(815301076,1909f56bfc062723c751e8b465ee728b)
Start importing Assets/Materials/New Material.mat using Guid(bd0c1bea25e548e4c920a7b1e5efca50) Importer(815301076,1909f56bfc062723c751e8b465ee728b)  -> (artifact id: '0020e4aad17276f714d58186730a849e') in 0.034542 seconds 
  Import took 0.038946 seconds .

========================================================================
Received Import Request.
  Time since last request: 0.000305 seconds.
  path: Assets/Materials/Ground 1.mat
  artifactKey: Guid(6a09dee9e4f62aa4ea3b213fcf127eaf) Importer(815301076,1909f56bfc062723c751e8b465ee728b)
Start importing Assets/Materials/Ground 1.mat using Guid(6a09dee9e4f62aa4ea3b213fcf127eaf) Importer(815301076,1909f56bfc062723c751e8b465ee728b)  -> (artifact id: 'c5cc2935619c164910a2184e26241cfe') in 0.017345 seconds 
  Import took 0.021995 seconds .

========================================================================
Received Import Request.
  Time since last request: 4.499399 seconds.
  path: Assets/Textures/Erika_Archer_Clothes_diffuse.png
  artifactKey: Guid(140296fe16452db46994a9147e6fa249) Importer(815301076,1909f56bfc062723c751e8b465ee728b)
Start importing Assets/Textures/Erika_Archer_Clothes_diffuse.png using Guid(140296fe16452db46994a9147e6fa249) Importer(815301076,1909f56bfc062723c751e8b465ee728b)  -> (artifact id: '8339d4dd085462d9362887d137eefef8') in 0.067992 seconds 
  Import took 0.072784 seconds .

========================================================================
Received Import Request.
  Time since last request: 0.000362 seconds.
  path: Assets/Textures/FemaleFitA_Body_diffuse.png
  artifactKey: Guid(b955046cf3273b34fa869b2c728fdc3f) Importer(815301076,1909f56bfc062723c751e8b465ee728b)
Start importing Assets/Textures/FemaleFitA_Body_diffuse.png using Guid(b955046cf3273b34fa869b2c728fdc3f) Importer(815301076,1909f56bfc062723c751e8b465ee728b)  -> (artifact id: 'ba18c3571b15e008fbf948e2270b60a9') in 0.019341 seconds 
  Import took 0.023721 seconds .

========================================================================
Received Import Request.
  Time since last request: 0.000393 seconds.
  path: Assets/Textures/StoneBricksBeige015_GLOSS_1K.jpg
  artifactKey: Guid(564ca60bcd5a5a24a83383f1b9ffecfa) Importer(815301076,1909f56bfc062723c751e8b465ee728b)
Start importing Assets/Textures/StoneBricksBeige015_GLOSS_1K.jpg using Guid(564ca60bcd5a5a24a83383f1b9ffecfa) Importer(815301076,1909f56bfc062723c751e8b465ee728b)  -> (artifact id: '68689821cd6c4a8a4a15bd352da1e23e') in 0.020375 seconds 
  Import took 0.024864 seconds .

========================================================================
Received Import Request.
  Time since last request: 0.000383 seconds.
  path: Assets/Textures/WoodFineDark004_NRM_1K.jpg
  artifactKey: Guid(7a92457b1c78770418368282425c1587) Importer(815301076,1909f56bfc062723c751e8b465ee728b)
Start importing Assets/Textures/WoodFineDark004_NRM_1K.jpg using Guid(7a92457b1c78770418368282425c1587) Importer(815301076,1909f56bfc062723c751e8b465ee728b)  -> (artifact id: '9ac65ceb394837e92a08bfe21ba341df') in 0.017887 seconds 
  Import took 0.022305 seconds .

========================================================================
Received Import Request.
  Time since last request: 0.000351 seconds.
  path: Assets/Textures/Erika_Archer_Clothes_normal.png
  artifactKey: Guid(a16b1418688e9304ba4a63d0638ade8c) Importer(815301076,1909f56bfc062723c751e8b465ee728b)
Start importing Assets/Textures/Erika_Archer_Clothes_normal.png using Guid(a16b1418688e9304ba4a63d0638ade8c) Importer(815301076,1909f56bfc062723c751e8b465ee728b)  -> (artifact id: '39ca8ae3b09cc64f8d27770d94552ecd') in 0.028195 seconds 
  Import took 0.032409 seconds .

========================================================================
Received Import Request.
  Time since last request: 0.000254 seconds.
  path: Assets/Textures/startPointBase.png
  artifactKey: Guid(335e18205b2e3e74a950fada00eedfe6) Importer(815301076,1909f56bfc062723c751e8b465ee728b)
Start importing Assets/Textures/startPointBase.png using Guid(335e18205b2e3e74a950fada00eedfe6) Importer(815301076,1909f56bfc062723c751e8b465ee728b)  -> (artifact id: 'e7dfb3274ae1598a04a7e28bffff8a46') in 0.016576 seconds 
  Import took 0.020981 seconds .

========================================================================
Received Import Request.
  Time since last request: 0.000286 seconds.
  path: Assets/Textures/startPoint.png
  artifactKey: Guid(ce23d2c8bf8708a4fb42eae5be527480) Importer(815301076,1909f56bfc062723c751e8b465ee728b)
Start importing Assets/Textures/startPoint.png using Guid(ce23d2c8bf8708a4fb42eae5be527480) Importer(815301076,1909f56bfc062723c751e8b465ee728b)  -> (artifact id: '8130a9960746cabe6a72aef16869b051') in 0.015508 seconds 
  Import took 0.020151 seconds .

========================================================================
Received Import Request.
  Time since last request: 0.000305 seconds.
  path: Assets/Textures/StoneBricksBeige015_DISP16_1K.tif
  artifactKey: Guid(ec86af7765ce62c40b5283e46b778b3b) Importer(815301076,1909f56bfc062723c751e8b465ee728b)
Start importing Assets/Textures/StoneBricksBeige015_DISP16_1K.tif using Guid(ec86af7765ce62c40b5283e46b778b3b) Importer(815301076,1909f56bfc062723c751e8b465ee728b)  -> (artifact id: '9b8e39e1038f7c3df2e704d7bb8f4876') in 0.021635 seconds 
  Import took 0.026396 seconds .

========================================================================
Received Import Request.
  Time since last request: 0.000376 seconds.
  path: Assets/Textures/WoodFineDark004_COL_1K.jpg
  artifactKey: Guid(ca456773b6cc2f94db164a654229572d) Importer(815301076,1909f56bfc062723c751e8b465ee728b)
Start importing Assets/Textures/WoodFineDark004_COL_1K.jpg using Guid(ca456773b6cc2f94db164a654229572d) Importer(815301076,1909f56bfc062723c751e8b465ee728b)  -> (artifact id: '4a73ac32c9371081abdc5c452ec56e77') in 0.014795 seconds 
  Import took 0.018939 seconds .

========================================================================
Received Import Request.
  Time since last request: 0.000441 seconds.
  path: Assets/Textures/StoneBricksBeige015_REFL_1K.jpg
  artifactKey: Guid(314ea249ea7e65d4aa999b1b95df7b1f) Importer(815301076,1909f56bfc062723c751e8b465ee728b)
Start importing Assets/Textures/StoneBricksBeige015_REFL_1K.jpg using Guid(314ea249ea7e65d4aa999b1b95df7b1f) Importer(815301076,1909f56bfc062723c751e8b465ee728b)  -> (artifact id: 'c4add9dc07084b33430cfe445c294b90') in 0.020102 seconds 
  Import took 0.024425 seconds .

========================================================================
Received Import Request.
  Time since last request: 0.000306 seconds.
  path: Assets/Textures/FemaleFitA_StdNM.png
  artifactKey: Guid(6d46b25f47ad3be4d8b59aa4a6693bd8) Importer(815301076,1909f56bfc062723c751e8b465ee728b)
Start importing Assets/Textures/FemaleFitA_StdNM.png using Guid(6d46b25f47ad3be4d8b59aa4a6693bd8) Importer(815301076,1909f56bfc062723c751e8b465ee728b)  -> (artifact id: 'e59599e7f68bb763dd56c1b583e7b985') in 0.020555 seconds 
  Import took 0.024862 seconds .

========================================================================
Received Import Request.
  Time since last request: 0.000414 seconds.
  path: Assets/Textures/StoneBricksBeige015_COL_1K.jpg
  artifactKey: Guid(5abcae1e95bfe80478af034f0c893b71) Importer(815301076,1909f56bfc062723c751e8b465ee728b)
Start importing Assets/Textures/StoneBricksBeige015_COL_1K.jpg using Guid(5abcae1e95bfe80478af034f0c893b71) Importer(815301076,1909f56bfc062723c751e8b465ee728b)  -> (artifact id: '4a0aab9086f20fd3160274d76ea80692') in 0.019175 seconds 
  Import took 0.023830 seconds .

========================================================================
Received Import Request.
  Time since last request: 0.000369 seconds.
  path: Assets/Textures/StoneBricksBeige015_NRM_1K.jpg
  artifactKey: Guid(2227a92c3dcd071439a4e98b3fbdc060) Importer(815301076,1909f56bfc062723c751e8b465ee728b)
Start importing Assets/Textures/StoneBricksBeige015_NRM_1K.jpg using Guid(2227a92c3dcd071439a4e98b3fbdc060) Importer(815301076,1909f56bfc062723c751e8b465ee728b)  -> (artifact id: '10966554743c40015ccab9498dcb37a2') in 0.021078 seconds 
  Import took 0.025488 seconds .

========================================================================
Received Import Request.
  Time since last request: 25.440460 seconds.
  path: Assets/Quixel/Scripts
  artifactKey: Guid(063554bb9f2298b42b3079c1e1c3cf6d) Importer(815301076,1909f56bfc062723c751e8b465ee728b)
Start importing Assets/Quixel/Scripts using Guid(063554bb9f2298b42b3079c1e1c3cf6d) Importer(815301076,1909f56bfc062723c751e8b465ee728b)  -> (artifact id: '4971541fbb4371e26e7976e2a93f27e9') in 0.008113 seconds 
  Import took 0.012693 seconds .

AssetImportWorkerClient::OnTransportError - code=2 error=End of file
